<?xml version="1.0" encoding="UTF-8"?>
<testsuite xmlns:xsi="http://www.w3.org/2001/XMLSchema-instance" xsi:noNamespaceSchemaLocation="https://maven.apache.org/surefire/maven-surefire-plugin/xsd/surefire-test-report.xsd" version="3.0.2" name="com.spacefleet.spaceshipapi.integration.SpaceshipIntegrationTest" time="8.144" tests="1" errors="0" skipped="0" failures="0">
  <properties>
[...]
</properties>
  <testcase name="testCreateAndFetchSpaceship" classname="com.spacefleet.spaceshipapi.integration.SpaceshipIntegrationTest" time="1.022">
    <system-out><![CDATA[04:11:21.403 [main] INFO org.springframework.test.context.support.AnnotationConfigContextLoaderUtils -- Could not detect default configuration classes for test class [com.spacefleet.spaceshipapi.integration.SpaceshipIntegrationTest]: SpaceshipIntegrationTest does not declare any static, non-private, non-final, nested classes annotated with @Configuration.
04:11:21.462 [main] INFO org.springframework.boot.test.context.SpringBootTestContextBootstrapper -- Found @SpringBootConfiguration com.spacefleet.spaceshipapi.SpaceshipApiApplication for test class com.spacefleet.spaceshipapi.integration.SpaceshipIntegrationTest
04:11:21.548 [main] INFO org.testcontainers.images.PullPolicy -- Image pull policy will be performed by: DefaultPullPolicy()
04:11:21.549 [main] INFO org.testcontainers.utility.ImageNameSubstitutor -- Image name substitution will be performed by: DefaultImageNameSubstitutor (composite of 'ConfigurationFileImageNameSubstitutor' and 'PrefixingImageNameSubstitutor')
04:11:21.570 [main] INFO org.testcontainers.DockerClientFactory -- Testcontainers version: 1.21.2
04:11:21.723 [main] INFO org.testcontainers.dockerclient.DockerClientProviderStrategy -- Loaded org.testcontainers.dockerclient.UnixSocketClientProviderStrategy from ~/.testcontainers.properties, will try it first
04:11:22.062 [main] INFO org.testcontainers.dockerclient.DockerClientProviderStrategy -- Found Docker environment with local Unix socket (unix:///var/run/docker.sock)
04:11:22.064 [main] INFO org.testcontainers.DockerClientFactory -- Docker host IP address is localhost
04:11:22.112 [main] INFO org.testcontainers.DockerClientFactory -- Connected to docker: 
  Server Version: 24.0.5
  API Version: 1.43
  Operating System: Docker Desktop
  Total Memory: 7851 MB
04:11:22.170 [main] INFO tc.testcontainers/ryuk:0.12.0 -- Creating container for image: testcontainers/ryuk:0.12.0
04:11:22.747 [main] INFO tc.testcontainers/ryuk:0.12.0 -- Container testcontainers/ryuk:0.12.0 is starting: e660735a2870207cfa906cbf2942d6520164214146800aff26291607e2bbf4c6
04:11:23.312 [main] INFO tc.testcontainers/ryuk:0.12.0 -- Container testcontainers/ryuk:0.12.0 started in PT1.14167S
04:11:23.318 [main] INFO org.testcontainers.utility.RyukResourceReaper -- Ryuk started - will monitor and terminate Testcontainers containers on JVM exit
04:11:23.319 [main] INFO org.testcontainers.DockerClientFactory -- Checking the system...
04:11:23.319 [main] INFO org.testcontainers.DockerClientFactory -- ✔︎ Docker server version should be at least 1.6.0
04:11:23.319 [main] INFO tc.mongo:7.0 -- Creating container for image: mongo:7.0
04:11:23.347 [main] INFO tc.mongo:7.0 -- Container mongo:7.0 is starting: 16dc6681d6ef06520ea30dd20aa7d853668ba44839ae0628c05588e0cf0fbdf4
04:11:24.504 [main] INFO tc.mongo:7.0 -- Container mongo:7.0 started in PT1.184504S

  .   ____          _            __ _ _
 /\\ / ___'_ __ _ _(_)_ __  __ _ \ \ \ \
( ( )\___ | '_ | '_| | '_ \/ _` | \ \ \ \
 \\/  ___)| |_)| | | | | || (_| |  ) ) ) )
  '  |____| .__|_| |_|_| |_\__, | / / / /
 =========|_|==============|___/=/_/_/_/

 :: Spring Boot ::                (v3.5.3)

2025-07-10T04:11:25.813-03:00  INFO 96654 --- [           main] c.s.s.i.SpaceshipIntegrationTest         : Starting SpaceshipIntegrationTest using Java 21.0.7 with PID 96654 (started by leonardoolivera in /Users/leonardoolivera/work/personal/challenge_MindData/V2/spaceship-api)
2025-07-10T04:11:25.813-03:00  INFO 96654 --- [           main] c.s.s.i.SpaceshipIntegrationTest         : The following 1 profile is active: "local"
2025-07-10T04:11:26.245-03:00  INFO 96654 --- [           main] .s.d.r.c.RepositoryConfigurationDelegate : Bootstrapping Spring Data MongoDB repositories in DEFAULT mode.
2025-07-10T04:11:26.340-03:00  INFO 96654 --- [           main] .s.d.r.c.RepositoryConfigurationDelegate : Finished Spring Data repository scanning in 91 ms. Found 2 MongoDB repository interfaces.
2025-07-10T04:11:26.775-03:00  INFO 96654 --- [           main] o.s.b.w.embedded.tomcat.TomcatWebServer  : Tomcat initialized with port 0 (http)
2025-07-10T04:11:26.785-03:00  INFO 96654 --- [           main] o.apache.catalina.core.StandardService   : Starting service [Tomcat]
2025-07-10T04:11:26.785-03:00  INFO 96654 --- [           main] o.apache.catalina.core.StandardEngine    : Starting Servlet engine: [Apache Tomcat/10.1.42]
2025-07-10T04:11:26.813-03:00  INFO 96654 --- [           main] o.a.c.c.C.[Tomcat].[localhost].[/]       : Initializing Spring embedded WebApplicationContext
2025-07-10T04:11:26.814-03:00  INFO 96654 --- [           main] w.s.c.ServletWebServerApplicationContext : Root WebApplicationContext: initialization completed in 991 ms
2025-07-10T04:11:26.975-03:00  INFO 96654 --- [           main] org.mongodb.driver.client                : MongoClient with metadata {"driver": {"name": "mongo-java-driver|sync|spring-boot", "version": "5.5.1"}, "os": {"type": "Darwin", "name": "Mac OS X", "architecture": "aarch64", "version": "15.5"}, "platform": "Java/Amazon.com Inc./21.0.7+6-LTS"} created with settings MongoClientSettings{readPreference=primary, writeConcern=WriteConcern{w=null, wTimeout=null ms, journal=null}, retryWrites=true, retryReads=true, readConcern=ReadConcern{level=null}, credential=null, transportSettings=null, commandListeners=[], codecRegistry=ProvidersCodecRegistry{codecProviders=[ValueCodecProvider{}, BsonValueCodecProvider{}, DBRefCodecProvider{}, DBObjectCodecProvider{}, DocumentCodecProvider{}, CollectionCodecProvider{}, IterableCodecProvider{}, MapCodecProvider{}, GeoJsonCodecProvider{}, GridFSFileCodecProvider{}, Jsr310CodecProvider{}, JsonObjectCodecProvider{}, BsonCodecProvider{}, EnumCodecProvider{}, com.mongodb.client.model.mql.ExpressionCodecProvider@16890f00, com.mongodb.Jep395RecordCodecProvider@77e1dacd, com.mongodb.KotlinCodecProvider@690677de]}, loggerSettings=LoggerSettings{maxDocumentLength=1000}, clusterSettings={hosts=[localhost:64188], srvServiceName=mongodb, mode=SINGLE, requiredClusterType=UNKNOWN, requiredReplicaSetName='null', serverSelector='null', clusterListeners='[]', serverSelectionTimeout='30000 ms', localThreshold='15 ms'}, socketSettings=SocketSettings{connectTimeoutMS=10000, readTimeoutMS=0, receiveBufferSize=0, proxySettings=ProxySettings{host=null, port=null, username=null, password=null}}, heartbeatSocketSettings=SocketSettings{connectTimeoutMS=10000, readTimeoutMS=10000, receiveBufferSize=0, proxySettings=ProxySettings{host=null, port=null, username=null, password=null}}, connectionPoolSettings=ConnectionPoolSettings{maxSize=100, minSize=0, maxWaitTimeMS=120000, maxConnectionLifeTimeMS=0, maxConnectionIdleTimeMS=0, maintenanceInitialDelayMS=0, maintenanceFrequencyMS=60000, connectionPoolListeners=[], maxConnecting=2}, serverSettings=ServerSettings{heartbeatFrequencyMS=10000, minHeartbeatFrequencyMS=500, serverMonitoringMode=AUTO, serverListeners='[]', serverMonitorListeners='[]'}, sslSettings=SslSettings{enabled=false, invalidHostNameAllowed=false, context=null}, applicationName='null', compressorList=[], uuidRepresentation=JAVA_LEGACY, serverApi=null, autoEncryptionSettings=null, dnsClient=null, inetAddressResolver=null, contextProvider=null, timeoutMS=null}
2025-07-10T04:11:26.986-03:00  INFO 96654 --- [localhost:64188] org.mongodb.driver.cluster               : Monitor thread successfully connected to server with description ServerDescription{address=localhost:64188, type=REPLICA_SET_PRIMARY, cryptd=false, state=CONNECTED, ok=true, minWireVersion=0, maxWireVersion=21, maxDocumentSize=16777216, logicalSessionTimeoutMinutes=30, roundTripTimeNanos=17754625, minRoundTripTimeNanos=0, setName='docker-rs', canonicalAddress=16dc6681d6ef:27017, hosts=[16dc6681d6ef:27017], passives=[], arbiters=[], primary='16dc6681d6ef:27017', tagSet=TagSet{[]}, electionId=7fffffff0000000000000001, setVersion=1, topologyVersion=TopologyVersion{processId=686f679bb87eeb21df56f56c, counter=6}, lastWriteDate=Thu Jul 10 04:11:25 ART 2025, lastUpdateTimeNanos=299552370521208}
2025-07-10T04:11:27.165-03:00  INFO 96654 --- [           main] i.m.r.core.builder.RunnerBuilderBase     : Mongock runner COMMUNITY version[[]]
2025-07-10T04:11:27.166-03:00  INFO 96654 --- [           main] i.m.r.core.builder.RunnerBuilderBase     : Running Mongock with NO metadata
2025-07-10T04:11:27.166-03:00  WARN 96654 --- [           main] i.m.r.core.builder.RunnerBuilderBase     : Property transaction-enabled not provided. It will become true as default in next versions. Set explicit value to false in case transaction are not desired.
2025-07-10T04:11:27.166-03:00  WARN 96654 --- [           main] i.m.r.core.builder.RunnerBuilderBase     : Property transaction-enabled not provided and is unknown if driver is transactionable. BY DEFAULT MONGOCK WILL RUN IN NO-TRANSACTION MODE.
2025-07-10T04:11:27.252-03:00  WARN 96654 --- [           main] .s.s.UserDetailsServiceAutoConfiguration : 

Using generated security password: 1554417e-622b-412c-a74e-3128d8e33f1f

This generated password is for development use only. Your security configuration must be updated before running your application in production.

2025-07-10T04:11:27.257-03:00  INFO 96654 --- [           main] r$InitializeUserDetailsManagerConfigurer : Global AuthenticationManager configured with UserDetailsService bean with name inMemoryUserDetailsManager
2025-07-10T04:11:27.332-03:00 DEBUG 96654 --- [           main] s.w.s.m.m.a.RequestMappingHandlerMapping : 13 mappings in 'requestMappingHandlerMapping'
2025-07-10T04:11:27.398-03:00 DEBUG 96654 --- [           main] o.s.w.s.handler.SimpleUrlHandlerMapping  : Patterns [/webjars/**, /**, /swagger-ui*/*swagger-initializer.js, /swagger-ui*/**] in 'resourceHandlerMapping'
2025-07-10T04:11:27.454-03:00 DEBUG 96654 --- [           main] s.w.s.m.m.a.RequestMappingHandlerAdapter : ControllerAdvice beans: 0 @ModelAttribute, 0 @InitBinder, 1 RequestBodyAdvice, 1 ResponseBodyAdvice
2025-07-10T04:11:27.479-03:00 DEBUG 96654 --- [           main] .m.m.a.ExceptionHandlerExceptionResolver : ControllerAdvice beans: 2 @ExceptionHandler, 1 ResponseBodyAdvice
2025-07-10T04:11:27.714-03:00  INFO 96654 --- [           main] o.s.b.w.embedded.tomcat.TomcatWebServer  : Tomcat started on port 64197 (http) with context path '/'
2025-07-10T04:11:27.720-03:00  INFO 96654 --- [           main] c.s.s.i.SpaceshipIntegrationTest         : Started SpaceshipIntegrationTest in 2.065 seconds (process running for 6.736)
2025-07-10T04:11:27.832-03:00  INFO 96654 --- [           main] org.reflections.Reflections              : Reflections took 12 ms to scan 1 urls, producing 2 keys and 2 values
2025-07-10T04:11:27.835-03:00  INFO 96654 --- [           main] org.reflections.Reflections              : Reflections took 1 ms to scan 1 urls, producing 2 keys and 2 values
2025-07-10T04:11:27.843-03:00  INFO 96654 --- [           main] i.m.driver.core.lock.LockManagerDefault  : Mongock trying to acquire the lock
2025-07-10T04:11:27.854-03:00  INFO 96654 --- [           main] i.m.driver.core.lock.LockManagerDefault  : Mongock acquired the lock until: Thu Jul 10 04:12:27 ART 2025
2025-07-10T04:11:27.855-03:00  INFO 96654 --- [       Thread-5] i.m.driver.core.lock.LockManagerDefault  : Starting mongock lock daemon...
2025-07-10T04:11:27.862-03:00  INFO 96654 --- [           main] i.m.r.c.e.system.SystemUpdateExecutor    : Mongock starting the system update execution id[2025-07-10T04:11:27.165245-617]...
2025-07-10T04:11:27.863-03:00  INFO 96654 --- [           main] i.m.r.c.executor.ChangeLogRuntimeImpl    : method[io.mongock.runner.core.executor.system.changes.SystemChangeUnit00001] with arguments: []
2025-07-10T04:11:27.864-03:00  INFO 96654 --- [           main] i.m.r.c.executor.ChangeLogRuntimeImpl    : method[beforeExecution] with arguments: [io.mongock.driver.mongodb.springdata.v4.SpringDataMongoV4ChangeEntryRepository]
2025-07-10T04:11:27.864-03:00  INFO 96654 --- [           main] i.m.r.core.executor.ChangeExecutorBase   : APPLIED - {"id"="system-change-00001_before", "type"="before-execution", "author"="mongock", "class"="SystemChangeUnit00001", "method"="beforeExecution"}
2025-07-10T04:11:27.869-03:00  INFO 96654 --- [           main] i.m.r.c.executor.ChangeLogRuntimeImpl    : method[execution] with arguments: [io.mongock.driver.mongodb.springdata.v4.SpringDataMongoV4ChangeEntryRepository]
2025-07-10T04:11:27.871-03:00  INFO 96654 --- [           main] i.m.r.core.executor.ChangeExecutorBase   : APPLIED - {"id"="system-change-00001", "type"="execution", "author"="mongock", "class"="SystemChangeUnit00001", "method"="execution"}
2025-07-10T04:11:27.873-03:00  INFO 96654 --- [           main] i.m.driver.core.lock.LockManagerDefault  : Mongock waiting to release the lock
2025-07-10T04:11:27.873-03:00  INFO 96654 --- [           main] i.m.driver.core.lock.LockManagerDefault  : Mongock releasing the lock
2025-07-10T04:11:27.878-03:00  INFO 96654 --- [           main] i.m.driver.core.lock.LockManagerDefault  : Mongock released the lock
2025-07-10T04:11:27.878-03:00  INFO 96654 --- [           main] i.m.r.c.e.system.SystemUpdateExecutor    : Mongock has finished the system update execution
2025-07-10T04:11:27.898-03:00  INFO 96654 --- [           main] org.reflections.Reflections              : Reflections took 19 ms to scan 1 urls, producing 3 keys and 5 values
2025-07-10T04:11:27.918-03:00  INFO 96654 --- [           main] org.reflections.Reflections              : Reflections took 8 ms to scan 1 urls, producing 3 keys and 5 values
2025-07-10T04:11:27.941-03:00  INFO 96654 --- [           main] i.m.driver.core.lock.LockManagerDefault  : Mongock trying to acquire the lock
2025-07-10T04:11:27.947-03:00  INFO 96654 --- [           main] i.m.driver.core.lock.LockManagerDefault  : Mongock acquired the lock until: Thu Jul 10 04:12:27 ART 2025
2025-07-10T04:11:27.947-03:00  INFO 96654 --- [       Thread-6] i.m.driver.core.lock.LockManagerDefault  : Starting mongock lock daemon...
2025-07-10T04:11:27.953-03:00  INFO 96654 --- [           main] i.m.r.c.e.o.migrate.MigrateExecutorBase  : Mongock starting the data migration sequence id[2025-07-10T04:11:27.165245-617]...
2025-07-10T04:11:27.953-03:00  INFO 96654 --- [           main] i.m.r.c.executor.ChangeLogRuntimeImpl    : method[com.spacefleet.spaceshipapi.config.mongo.CreateCollectionsChangeLog] with arguments: []
2025-07-10T04:11:27.984-03:00  INFO 96654 --- [           main] i.m.r.c.executor.ChangeLogRuntimeImpl    : method[createCollections] with arguments: [org.springframework.data.mongodb.core.MongoTemplate]
2025-07-10T04:11:28.048-03:00  INFO 96654 --- [           main] i.m.r.core.executor.ChangeExecutorBase   : APPLIED - {"id"="create-collections", "type"="execution", "author"="lolivera", "class"="CreateCollectionsChangeLog", "method"="createCollections"}
2025-07-10T04:11:28.050-03:00  INFO 96654 --- [           main] i.m.r.c.executor.ChangeLogRuntimeImpl    : method[com.spacefleet.spaceshipapi.config.mongo.InitialDataChangeLog] with arguments: []
2025-07-10T04:11:28.051-03:00  INFO 96654 --- [           main] i.m.r.c.executor.ChangeLogRuntimeImpl    : method[insertInitialData] with arguments: [org.springframework.data.mongodb.core.MongoTemplate]
2025-07-10T04:11:28.128-03:00  INFO 96654 --- [           main] i.m.r.core.executor.ChangeExecutorBase   : APPLIED - {"id"="initial-data-loader", "type"="execution", "author"="lolivera", "class"="InitialDataChangeLog", "method"="insertInitialData"}
2025-07-10T04:11:28.132-03:00  INFO 96654 --- [           main] i.m.driver.core.lock.LockManagerDefault  : Mongock waiting to release the lock
2025-07-10T04:11:28.132-03:00  INFO 96654 --- [           main] i.m.driver.core.lock.LockManagerDefault  : Mongock releasing the lock
2025-07-10T04:11:28.134-03:00  INFO 96654 --- [           main] i.m.driver.core.lock.LockManagerDefault  : Mongock released the lock
2025-07-10T04:11:28.134-03:00  INFO 96654 --- [           main] i.m.r.c.e.o.migrate.MigrateExecutorBase  : Mongock has finished
2025-07-10T04:11:28.590-03:00 DEBUG 96654 --- [           main] o.s.w.r.f.client.ExchangeFunctions       : [56ed6e17] HTTP POST http://localhost:64197/auth/login
2025-07-10T04:11:28.688-03:00 ERROR 96654 --- [           main] i.n.r.d.DnsServerAddressStreamProviders  : Unable to load io.netty.resolver.dns.macos.MacOSDnsServerAddressStreamProvider, fallback to system defaults. This may result in incorrect DNS resolutions on MacOS. Check whether you have a dependency on 'io.netty:netty-resolver-dns-native-macos'. Use DEBUG level to see the full stack: java.lang.UnsatisfiedLinkError: failed to load the required native library
2025-07-10T04:11:28.761-03:00 DEBUG 96654 --- [ctor-http-nio-2] org.springframework.web.HttpLogging      : [56ed6e17] Writing "{<EOL>  "username": "admin",<EOL>  "password": "admin123"<EOL>}<EOL>"
2025-07-10T04:11:28.805-03:00  INFO 96654 --- [o-auto-1-exec-1] o.a.c.c.C.[Tomcat].[localhost].[/]       : Initializing Spring DispatcherServlet 'dispatcherServlet'
2025-07-10T04:11:28.805-03:00  INFO 96654 --- [o-auto-1-exec-1] o.s.web.servlet.DispatcherServlet        : Initializing Servlet 'dispatcherServlet'
2025-07-10T04:11:28.805-03:00 DEBUG 96654 --- [o-auto-1-exec-1] o.s.web.servlet.DispatcherServlet        : Detected StandardServletMultipartResolver
2025-07-10T04:11:28.805-03:00 DEBUG 96654 --- [o-auto-1-exec-1] o.s.web.servlet.DispatcherServlet        : Detected AcceptHeaderLocaleResolver
2025-07-10T04:11:28.806-03:00 DEBUG 96654 --- [o-auto-1-exec-1] o.s.web.servlet.DispatcherServlet        : Detected FixedThemeResolver
2025-07-10T04:11:28.806-03:00 DEBUG 96654 --- [o-auto-1-exec-1] o.s.web.servlet.DispatcherServlet        : Detected org.springframework.web.servlet.view.DefaultRequestToViewNameTranslator@98dc042
2025-07-10T04:11:28.806-03:00 DEBUG 96654 --- [o-auto-1-exec-1] o.s.web.servlet.DispatcherServlet        : Detected org.springframework.web.servlet.support.SessionFlashMapManager@26ab3c1b
2025-07-10T04:11:28.806-03:00 DEBUG 96654 --- [o-auto-1-exec-1] o.s.web.servlet.DispatcherServlet        : enableLoggingRequestDetails='false': request parameters and headers will be masked to prevent unsafe logging of potentially sensitive data
2025-07-10T04:11:28.806-03:00  INFO 96654 --- [o-auto-1-exec-1] o.s.web.servlet.DispatcherServlet        : Completed initialization in 1 ms
2025-07-10T04:11:28.820-03:00 DEBUG 96654 --- [o-auto-1-exec-1] o.s.web.servlet.DispatcherServlet        : POST "/auth/login", parameters={}
2025-07-10T04:11:28.821-03:00 DEBUG 96654 --- [o-auto-1-exec-1] s.w.s.m.m.a.RequestMappingHandlerMapping : Mapped to com.spacefleet.spaceshipapi.controller.AuthController#login(UserDTO)
2025-07-10T04:11:28.831-03:00 DEBUG 96654 --- [o-auto-1-exec-1] m.m.a.RequestResponseBodyMethodProcessor : Read "application/json;charset=UTF-8" to [UserDTO(id=null, name=null, username=admin, password=admin123)]
2025-07-10T04:11:28.833-03:00  INFO 96654 --- [o-auto-1-exec-1] c.s.s.controller.AuthController          : AuthController, Attempting login for username: admin
2025-07-10T04:11:28.833-03:00  INFO 96654 --- [o-auto-1-exec-1] c.s.spaceshipapi.service.UserService     : UserService, Validating credentials for username: admin
2025-07-10T04:11:28.851-03:00  INFO 96654 --- [o-auto-1-exec-1] c.s.s.controller.AuthController          : AuthController, Login successful for username: admin
2025-07-10T04:11:28.871-03:00  INFO 96654 --- [o-auto-1-exec-1] c.s.s.controller.AuthController          : AuthController, token generated for username: admin
2025-07-10T04:11:28.874-03:00 DEBUG 96654 --- [o-auto-1-exec-1] o.s.w.s.m.m.a.HttpEntityMethodProcessor  : Using 'application/json', given [*/*] and supported [application/json, application/*+json, application/yaml]
2025-07-10T04:11:28.875-03:00 DEBUG 96654 --- [o-auto-1-exec-1] o.s.w.s.m.m.a.HttpEntityMethodProcessor  : Writing [{token=eyJhbGciOiJIUzI1NiJ9.eyJzdWIiOiJhZG1pbiIsImlhdCI6MTc1MjEzMTQ4OCwiZXhwIjoxNzUyMTM1MDg4fQ.GWgoK (truncated)...]
2025-07-10T04:11:28.878-03:00 DEBUG 96654 --- [o-auto-1-exec-1] o.s.web.servlet.DispatcherServlet        : Completed 200 OK
2025-07-10T04:11:29.076-03:00 DEBUG 96654 --- [ctor-http-nio-2] o.s.w.r.f.client.ExchangeFunctions       : [56ed6e17] [a82a393c-1] Response 200 OK
2025-07-10T04:11:29.088-03:00 DEBUG 96654 --- [ctor-http-nio-2] org.springframework.web.HttpLogging      : [56ed6e17] [a82a393c-1] Read 143 bytes
2025-07-10T04:11:29.097-03:00 DEBUG 96654 --- [           main] o.s.w.r.f.client.ExchangeFunctions       : [4ae1ee85] HTTP POST http://localhost:64197/spaceships
2025-07-10T04:11:29.098-03:00 DEBUG 96654 --- [ctor-http-nio-2] org.springframework.web.HttpLogging      : [4ae1ee85] Writing "{"id":null,"name":"TestShip","model":"Model-T","manufacturer":"TestCorp"}"
2025-07-10T04:11:29.110-03:00 DEBUG 96654 --- [o-auto-1-exec-2] o.s.web.servlet.DispatcherServlet        : POST "/spaceships", parameters={}
2025-07-10T04:11:29.111-03:00 DEBUG 96654 --- [o-auto-1-exec-2] s.w.s.m.m.a.RequestMappingHandlerMapping : Mapped to com.spacefleet.spaceshipapi.controller.SpaceshipController#create(SpaceshipDTO)
2025-07-10T04:11:29.113-03:00 DEBUG 96654 --- [o-auto-1-exec-2] m.m.a.RequestResponseBodyMethodProcessor : Read "application/json;charset=UTF-8" to [SpaceshipDTO(id=null, name=TestShip, model=Model-T, manufacturer=TestCorp)]
2025-07-10T04:11:29.123-03:00 DEBUG 96654 --- [o-auto-1-exec-2] o.s.w.s.m.m.a.HttpEntityMethodProcessor  : Using 'application/json', given [*/*] and supported [application/json, application/*+json, application/yaml]
2025-07-10T04:11:29.123-03:00 DEBUG 96654 --- [o-auto-1-exec-2] o.s.w.s.m.m.a.HttpEntityMethodProcessor  : Writing [SpaceshipDTO(id=686f67a15ffa7d73ef1078eb, name=TestShip, model=Model-T, manufacturer=TestCorp)]
2025-07-10T04:11:29.123-03:00 DEBUG 96654 --- [o-auto-1-exec-2] o.s.web.servlet.DispatcherServlet        : Completed 200 OK
2025-07-10T04:11:29.124-03:00 DEBUG 96654 --- [ctor-http-nio-2] o.s.w.r.f.client.ExchangeFunctions       : [4ae1ee85] [a82a393c-2] Response 200 OK
2025-07-10T04:11:29.124-03:00 DEBUG 96654 --- [ctor-http-nio-2] org.springframework.web.HttpLogging      : [4ae1ee85] [a82a393c-2] Read 95 bytes
2025-07-10T04:11:29.140-03:00 DEBUG 96654 --- [           main] o.s.w.r.f.client.ExchangeFunctions       : [75c2a35] HTTP GET http://localhost:64197/spaceships/search?name=TestShip
2025-07-10T04:11:29.144-03:00 DEBUG 96654 --- [o-auto-1-exec-3] o.s.web.servlet.DispatcherServlet        : GET "/spaceships/search?name=TestShip", parameters={masked}
2025-07-10T04:11:29.144-03:00 DEBUG 96654 --- [o-auto-1-exec-3] s.w.s.m.m.a.RequestMappingHandlerMapping : Mapped to com.spacefleet.spaceshipapi.controller.SpaceshipController#searchByName(String)
2025-07-10T04:11:29.152-03:00 DEBUG 96654 --- [o-auto-1-exec-3] o.s.w.s.m.m.a.HttpEntityMethodProcessor  : Using 'application/json', given [*/*] and supported [application/json, application/*+json, application/yaml]
2025-07-10T04:11:29.152-03:00 DEBUG 96654 --- [o-auto-1-exec-3] o.s.w.s.m.m.a.HttpEntityMethodProcessor  : Writing [[SpaceshipDTO(id=686f67a15ffa7d73ef1078eb, name=TestShip, model=Model-T, manufacturer=TestCorp)]]
2025-07-10T04:11:29.152-03:00 DEBUG 96654 --- [o-auto-1-exec-3] o.s.web.servlet.DispatcherServlet        : Completed 200 OK
2025-07-10T04:11:29.153-03:00 DEBUG 96654 --- [ctor-http-nio-2] o.s.w.r.f.client.ExchangeFunctions       : [75c2a35] [a82a393c-3] Response 200 OK
2025-07-10T04:11:29.153-03:00 DEBUG 96654 --- [ctor-http-nio-2] org.springframework.web.HttpLogging      : [75c2a35] [a82a393c-3] Read 97 bytes
]]></system-out>
    <system-err><![CDATA[Mockito is currently self-attaching to enable the inline-mock-maker. This will no longer work in future releases of the JDK. Please add Mockito as an agent to your build as described in Mockito's documentation: https://javadoc.io/doc/org.mockito/mockito-core/latest/org.mockito/org/mockito/Mockito.html#0.3
WARNING: A Java agent has been loaded dynamically (/Users/leonardoolivera/.m2/repository/net/bytebuddy/byte-buddy-agent/1.17.6/byte-buddy-agent-1.17.6.jar)
WARNING: If a serviceability tool is in use, please run with -XX:+EnableDynamicAgentLoading to hide this warning
WARNING: If a serviceability tool is not in use, please run with -Djdk.instrument.traceUsage for more information
WARNING: Dynamic loading of agents will be disallowed by default in a future release
]]></system-err>
  </testcase>
</testsuite>