<?xml version="1.0" encoding="UTF-8"?>
<testsuite xmlns:xsi="http://www.w3.org/2001/XMLSchema-instance" xsi:noNamespaceSchemaLocation="https://maven.apache.org/surefire/maven-surefire-plugin/xsd/surefire-test-report.xsd" version="3.0.2" name="com.spacefleet.spaceshipapi.controller.SpaceshipControllerTest" time="0.526" tests="12" errors="0" skipped="0" failures="0">
  <properties>
[...]
</properties>
  <testcase name="testGetById_shouldReturnSpaceship" classname="com.spacefleet.spaceshipapi.controller.SpaceshipControllerTest" time="0.014">
    <system-out><![CDATA[2025-07-18T10:06:07.847-03:00  INFO 43516 --- [           main] t.c.s.AnnotationConfigContextLoaderUtils : Could not detect default configuration classes for test class [com.spacefleet.spaceshipapi.controller.SpaceshipControllerTest]: SpaceshipControllerTest does not declare any static, non-private, non-final, nested classes annotated with @Configuration.
2025-07-18T10:06:07.863-03:00  INFO 43516 --- [           main] .b.t.c.SpringBootTestContextBootstrapper : Found @SpringBootConfiguration com.spacefleet.spaceshipapi.SpaceshipApiApplication for test class com.spacefleet.spaceshipapi.controller.SpaceshipControllerTest

  .   ____          _            __ _ _
 /\\ / ___'_ __ _ _(_)_ __  __ _ \ \ \ \
( ( )\___ | '_ | '_| | '_ \/ _` | \ \ \ \
 \\/  ___)| |_)| | | | | || (_| |  ) ) ) )
  '  |____| .__|_| |_|_| |_\__, | / / / /
 =========|_|==============|___/=/_/_/_/

 :: Spring Boot ::                (v3.5.3)

2025-07-18T10:06:07.887-03:00  INFO 43516 --- [           main] c.s.s.c.SpaceshipControllerTest          : Starting SpaceshipControllerTest using Java 21.0.7 with PID 43516 (started by leonardoolivera in /Users/leonardoolivera/work/personal/challenge_MindData/V2/spaceship-api)
2025-07-18T10:06:07.888-03:00  INFO 43516 --- [           main] c.s.s.c.SpaceshipControllerTest          : The following 1 profile is active: "local"
2025-07-18T10:06:07.890-03:00 DEBUG 43516 --- [           main] o.s.w.c.s.GenericWebApplicationContext   : Refreshing org.springframework.web.context.support.GenericWebApplicationContext@105c3bea
2025-07-18T10:06:08.131-03:00 DEBUG 43516 --- [           main] s.w.s.m.m.a.RequestMappingHandlerMapping : 8 mappings in 'requestMappingHandlerMapping'
2025-07-18T10:06:08.172-03:00 DEBUG 43516 --- [           main] o.s.w.s.handler.SimpleUrlHandlerMapping  : Patterns [/webjars/**, /**] in 'resourceHandlerMapping'
2025-07-18T10:06:08.188-03:00 DEBUG 43516 --- [           main] s.w.s.m.m.a.RequestMappingHandlerAdapter : ControllerAdvice beans: 0 @ModelAttribute, 0 @InitBinder, 1 RequestBodyAdvice, 1 ResponseBodyAdvice
2025-07-18T10:06:08.197-03:00 DEBUG 43516 --- [           main] .m.m.a.ExceptionHandlerExceptionResolver : ControllerAdvice beans: 1 @ExceptionHandler, 1 ResponseBodyAdvice
2025-07-18T10:06:08.222-03:00  WARN 43516 --- [           main] .s.s.UserDetailsServiceAutoConfiguration : 

Using generated security password: 0b5fc825-f77e-4737-812d-e86ae122ff8f

This generated password is for development use only. Your security configuration must be updated before running your application in production.

2025-07-18T10:06:08.223-03:00  INFO 43516 --- [           main] r$InitializeUserDetailsManagerConfigurer : Global AuthenticationManager configured with UserDetailsService bean with name inMemoryUserDetailsManager
2025-07-18T10:06:08.250-03:00  INFO 43516 --- [           main] o.s.b.t.m.w.SpringBootMockServletContext : Initializing Spring TestDispatcherServlet ''
2025-07-18T10:06:08.250-03:00  INFO 43516 --- [           main] o.s.t.web.servlet.TestDispatcherServlet  : Initializing Servlet ''
2025-07-18T10:06:08.251-03:00  INFO 43516 --- [           main] o.s.t.web.servlet.TestDispatcherServlet  : Completed initialization in 1 ms
2025-07-18T10:06:08.258-03:00  INFO 43516 --- [           main] c.s.s.c.SpaceshipControllerTest          : Started SpaceshipControllerTest in 0.393 seconds (process running for 73.223)
2025-07-18T10:06:08.264-03:00 DEBUG 43516 --- [           main] s.w.s.m.m.a.RequestMappingHandlerMapping : Mapped to com.spacefleet.spaceshipapi.controller.SpaceshipController#getById(String)
2025-07-18T10:06:08.271-03:00 DEBUG 43516 --- [           main] o.s.w.s.m.m.a.HttpEntityMethodProcessor  : Using 'application/json', given [*/*] and supported [application/json, application/*+json, application/yaml]
2025-07-18T10:06:08.271-03:00 DEBUG 43516 --- [           main] o.s.w.s.m.m.a.HttpEntityMethodProcessor  : Writing [SpaceshipDTO[id=1, name=X-Wing, model=T-65, manufacturer=SpaceX]]
]]></system-out>
  </testcase>
  <testcase name="testUpdate_shouldReturnUpdatedSpaceship" classname="com.spacefleet.spaceshipapi.controller.SpaceshipControllerTest" time="0.01">
    <system-out><![CDATA[2025-07-18T10:06:08.277-03:00 DEBUG 43516 --- [           main] s.w.s.m.m.a.RequestMappingHandlerMapping : Mapped to com.spacefleet.spaceshipapi.controller.SpaceshipController#update(String, SpaceshipDTO)
2025-07-18T10:06:08.278-03:00 DEBUG 43516 --- [           main] m.m.a.RequestResponseBodyMethodProcessor : Read "application/json" to [SpaceshipDTO[id=1, name=X-Wing, model=T-65, manufacturer=SpaceX]]
2025-07-18T10:06:08.281-03:00 DEBUG 43516 --- [           main] o.s.w.s.m.m.a.HttpEntityMethodProcessor  : Using 'application/json', given [*/*] and supported [application/json, application/*+json, application/yaml]
2025-07-18T10:06:08.282-03:00 DEBUG 43516 --- [           main] o.s.w.s.m.m.a.HttpEntityMethodProcessor  : Writing [SpaceshipDTO[id=1, name=X-Wing, model=T-65, manufacturer=SpaceX]]
]]></system-out>
  </testcase>
  <testcase name="testCreate_shouldReturnCreatedSpaceship" classname="com.spacefleet.spaceshipapi.controller.SpaceshipControllerTest" time="0.006">
    <system-out><![CDATA[2025-07-18T10:06:08.287-03:00 DEBUG 43516 --- [           main] s.w.s.m.m.a.RequestMappingHandlerMapping : Mapped to com.spacefleet.spaceshipapi.controller.SpaceshipController#create(SpaceshipDTO)
2025-07-18T10:06:08.288-03:00 DEBUG 43516 --- [           main] m.m.a.RequestResponseBodyMethodProcessor : Read "application/json" to [SpaceshipDTO[id=1, name=X-Wing, model=T-65, manufacturer=SpaceX]]
2025-07-18T10:06:08.288-03:00 DEBUG 43516 --- [           main] o.s.w.s.m.m.a.HttpEntityMethodProcessor  : Using 'application/json', given [*/*] and supported [application/json, application/*+json, application/yaml]
2025-07-18T10:06:08.289-03:00 DEBUG 43516 --- [           main] o.s.w.s.m.m.a.HttpEntityMethodProcessor  : Writing [SpaceshipDTO[id=1, name=X-Wing, model=T-65, manufacturer=SpaceX]]
]]></system-out>
  </testcase>
  <testcase name="testGetById_shouldFail_whenIdIsBlank" classname="com.spacefleet.spaceshipapi.controller.SpaceshipControllerTest" time="0.019">
    <system-out><![CDATA[2025-07-18T10:06:08.293-03:00 DEBUG 43516 --- [           main] s.w.s.m.m.a.RequestMappingHandlerMapping : Mapped to com.spacefleet.spaceshipapi.controller.SpaceshipController#getById(String)
2025-07-18T10:06:08.302-03:00 DEBUG 43516 --- [           main] .m.m.a.ExceptionHandlerExceptionResolver : Using @ExceptionHandler com.spacefleet.spaceshipapi.exception.GlobalExceptionHandler#handleConstraintViolationException(ConstraintViolationException)
2025-07-18T10:06:08.303-03:00 DEBUG 43516 --- [           main] o.s.w.s.m.m.a.HttpEntityMethodProcessor  : Using 'application/json', given [*/*] and supported [application/json, application/*+json, application/yaml]
2025-07-18T10:06:08.303-03:00 DEBUG 43516 --- [           main] o.s.w.s.m.m.a.HttpEntityMethodProcessor  : Writing [{message=Parameter validation failed, errors={getById.id=must not be blank}, timestamp=2025-07-18T10 (truncated)...]
2025-07-18T10:06:08.305-03:00 DEBUG 43516 --- [           main] .m.m.a.ExceptionHandlerExceptionResolver : Resolved [jakarta.validation.ConstraintViolationException: getById.id: must not be blank]
]]></system-out>
  </testcase>
  <testcase name="testSearchByName_shouldReturnList" classname="com.spacefleet.spaceshipapi.controller.SpaceshipControllerTest" time="0.011">
    <system-out><![CDATA[2025-07-18T10:06:08.315-03:00 DEBUG 43516 --- [           main] s.w.s.m.m.a.RequestMappingHandlerMapping : Mapped to com.spacefleet.spaceshipapi.controller.SpaceshipController#searchByName(String, int, int)
2025-07-18T10:06:08.318-03:00 DEBUG 43516 --- [           main] o.s.w.s.m.m.a.HttpEntityMethodProcessor  : Using 'application/json', given [*/*] and supported [application/json, application/*+json, application/yaml]
2025-07-18T10:06:08.319-03:00 DEBUG 43516 --- [           main] o.s.w.s.m.m.a.HttpEntityMethodProcessor  : Writing [PaginatedResponseDTO[content=[SpaceshipDTO[id=1, name=X-Wing, model=T-65, manufacturer=SpaceX]], pag (truncated)...]
]]></system-out>
  </testcase>
  <testcase name="testCreate_shouldFail_whenFieldsAreBlank" classname="com.spacefleet.spaceshipapi.controller.SpaceshipControllerTest" time="0.01">
    <system-out><![CDATA[2025-07-18T10:06:08.326-03:00 DEBUG 43516 --- [           main] s.w.s.m.m.a.RequestMappingHandlerMapping : Mapped to com.spacefleet.spaceshipapi.controller.SpaceshipController#create(SpaceshipDTO)
2025-07-18T10:06:08.326-03:00 DEBUG 43516 --- [           main] m.m.a.RequestResponseBodyMethodProcessor : Read "application/json" to [SpaceshipDTO[id=123, name=, model=, manufacturer=]]
2025-07-18T10:06:08.329-03:00 DEBUG 43516 --- [           main] .m.m.a.ExceptionHandlerExceptionResolver : Using @ExceptionHandler com.spacefleet.spaceshipapi.exception.GlobalExceptionHandler#handleValidationException(MethodArgumentNotValidException)
2025-07-18T10:06:08.330-03:00 DEBUG 43516 --- [           main] o.s.w.s.m.m.a.HttpEntityMethodProcessor  : Using 'application/json', given [*/*] and supported [application/json, application/*+json, application/yaml]
2025-07-18T10:06:08.330-03:00 DEBUG 43516 --- [           main] o.s.w.s.m.m.a.HttpEntityMethodProcessor  : Writing [{message=Validation failed, errors={name=Spaceship Name is required}, timestamp=2025-07-18T10:06:08. (truncated)...]
2025-07-18T10:06:08.331-03:00 DEBUG 43516 --- [           main] .m.m.a.ExceptionHandlerExceptionResolver : Resolved [org.springframework.web.bind.MethodArgumentNotValidException: Validation failed for argument [0] in public org.springframework.http.ResponseEntity<com.spacefleet.spaceshipapi.dto.SpaceshipDTO> com.spacefleet.spaceshipapi.controller.SpaceshipController.create(com.spacefleet.spaceshipapi.dto.SpaceshipDTO): [Field error in object 'spaceshipDTO' on field 'name': rejected value []; codes [NotBlank.spaceshipDTO.name,NotBlank.name,NotBlank.java.lang.String,NotBlank]; arguments [org.springframework.context.support.DefaultMessageSourceResolvable: codes [spaceshipDTO.name,name]; arguments []; default message [name]]; default message [Spaceship Name is required]] ]
]]></system-out>
  </testcase>
  <testcase name="testSearchByName_shouldFail_whenNameTooLong" classname="com.spacefleet.spaceshipapi.controller.SpaceshipControllerTest" time="0.006">
    <system-out><![CDATA[2025-07-18T10:06:08.335-03:00 DEBUG 43516 --- [           main] s.w.s.m.m.a.RequestMappingHandlerMapping : Mapped to com.spacefleet.spaceshipapi.controller.SpaceshipController#searchByName(String, int, int)
2025-07-18T10:06:08.337-03:00 DEBUG 43516 --- [           main] .m.m.a.ExceptionHandlerExceptionResolver : Using @ExceptionHandler com.spacefleet.spaceshipapi.exception.GlobalExceptionHandler#handleConstraintViolationException(ConstraintViolationException)
2025-07-18T10:06:08.337-03:00 DEBUG 43516 --- [           main] o.s.w.s.m.m.a.HttpEntityMethodProcessor  : Using 'application/json', given [*/*] and supported [application/json, application/*+json, application/yaml]
2025-07-18T10:06:08.337-03:00 DEBUG 43516 --- [           main] o.s.w.s.m.m.a.HttpEntityMethodProcessor  : Writing [{message=Parameter validation failed, errors={searchByName.name=size must be between 0 and 100}, tim (truncated)...]
2025-07-18T10:06:08.338-03:00 DEBUG 43516 --- [           main] .m.m.a.ExceptionHandlerExceptionResolver : Resolved [jakarta.validation.ConstraintViolationException: searchByName.name: size must be between 0 and 100]
]]></system-out>
  </testcase>
  <testcase name="testGetAll_shouldReturnPaginatedSpaceships" classname="com.spacefleet.spaceshipapi.controller.SpaceshipControllerTest" time="0.007">
    <system-out><![CDATA[2025-07-18T10:06:08.342-03:00 DEBUG 43516 --- [           main] s.w.s.m.m.a.RequestMappingHandlerMapping : Mapped to com.spacefleet.spaceshipapi.controller.SpaceshipController#getAll(int, int)
2025-07-18T10:06:08.345-03:00 DEBUG 43516 --- [           main] o.s.w.s.m.m.a.HttpEntityMethodProcessor  : Using 'application/json', given [*/*] and supported [application/json, application/*+json, application/yaml]
2025-07-18T10:06:08.345-03:00 DEBUG 43516 --- [           main] o.s.w.s.m.m.a.HttpEntityMethodProcessor  : Writing [PaginatedResponseDTO[content=[SpaceshipDTO[id=1, name=X-Wing, model=T-65, manufacturer=SpaceX]], pag (truncated)...]
]]></system-out>
  </testcase>
  <testcase name="testUpdate_shouldFail_whenFieldsAreBlank" classname="com.spacefleet.spaceshipapi.controller.SpaceshipControllerTest" time="0.006">
    <system-out><![CDATA[2025-07-18T10:06:08.350-03:00 DEBUG 43516 --- [           main] s.w.s.m.m.a.RequestMappingHandlerMapping : Mapped to com.spacefleet.spaceshipapi.controller.SpaceshipController#update(String, SpaceshipDTO)
2025-07-18T10:06:08.350-03:00 DEBUG 43516 --- [           main] m.m.a.RequestResponseBodyMethodProcessor : Read "application/json" to [SpaceshipDTO[id=123, name=, model=, manufacturer=]]
2025-07-18T10:06:08.351-03:00 DEBUG 43516 --- [           main] .m.m.a.ExceptionHandlerExceptionResolver : Using @ExceptionHandler com.spacefleet.spaceshipapi.exception.GlobalExceptionHandler#handleValidationException(MethodArgumentNotValidException)
2025-07-18T10:06:08.351-03:00 DEBUG 43516 --- [           main] o.s.w.s.m.m.a.HttpEntityMethodProcessor  : Using 'application/json', given [*/*] and supported [application/json, application/*+json, application/yaml]
2025-07-18T10:06:08.351-03:00 DEBUG 43516 --- [           main] o.s.w.s.m.m.a.HttpEntityMethodProcessor  : Writing [{message=Validation failed, errors={name=Spaceship Name is required}, timestamp=2025-07-18T10:06:08. (truncated)...]
2025-07-18T10:06:08.352-03:00 DEBUG 43516 --- [           main] .m.m.a.ExceptionHandlerExceptionResolver : Resolved [org.springframework.web.bind.MethodArgumentNotValidException: Validation failed for argument [1] in public org.springframework.http.ResponseEntity<com.spacefleet.spaceshipapi.dto.SpaceshipDTO> com.spacefleet.spaceshipapi.controller.SpaceshipController.update(java.lang.String,com.spacefleet.spaceshipapi.dto.SpaceshipDTO): [Field error in object 'spaceshipDTO' on field 'name': rejected value []; codes [NotBlank.spaceshipDTO.name,NotBlank.name,NotBlank.java.lang.String,NotBlank]; arguments [org.springframework.context.support.DefaultMessageSourceResolvable: codes [spaceshipDTO.name,name]; arguments []; default message [name]]; default message [Spaceship Name is required]] ]
]]></system-out>
  </testcase>
  <testcase name="testDelete_shouldReturnNoContent" classname="com.spacefleet.spaceshipapi.controller.SpaceshipControllerTest" time="0.005">
    <system-out><![CDATA[2025-07-18T10:06:08.356-03:00 DEBUG 43516 --- [           main] s.w.s.m.m.a.RequestMappingHandlerMapping : Mapped to com.spacefleet.spaceshipapi.controller.SpaceshipController#delete(String)
2025-07-18T10:06:08.358-03:00 DEBUG 43516 --- [           main] o.s.w.s.m.m.a.HttpEntityMethodProcessor  : Using 'application/json', given [*/*] and supported [application/json, application/*+json, application/yaml]
2025-07-18T10:06:08.358-03:00 DEBUG 43516 --- [           main] o.s.w.s.m.m.a.HttpEntityMethodProcessor  : Nothing to write: null body
]]></system-out>
  </testcase>
  <testcase name="testGetById_shouldFail_whenIdTooLong" classname="com.spacefleet.spaceshipapi.controller.SpaceshipControllerTest" time="0.004">
    <system-out><![CDATA[2025-07-18T10:06:08.361-03:00 DEBUG 43516 --- [           main] s.w.s.m.m.a.RequestMappingHandlerMapping : Mapped to com.spacefleet.spaceshipapi.controller.SpaceshipController#getById(String)
2025-07-18T10:06:08.362-03:00 DEBUG 43516 --- [           main] .m.m.a.ExceptionHandlerExceptionResolver : Using @ExceptionHandler com.spacefleet.spaceshipapi.exception.GlobalExceptionHandler#handleConstraintViolationException(ConstraintViolationException)
2025-07-18T10:06:08.362-03:00 DEBUG 43516 --- [           main] o.s.w.s.m.m.a.HttpEntityMethodProcessor  : Using 'application/json', given [*/*] and supported [application/json, application/*+json, application/yaml]
2025-07-18T10:06:08.362-03:00 DEBUG 43516 --- [           main] o.s.w.s.m.m.a.HttpEntityMethodProcessor  : Writing [{message=Parameter validation failed, errors={getById.id=size must be between 1 and 50}, timestamp=2 (truncated)...]
2025-07-18T10:06:08.363-03:00 DEBUG 43516 --- [           main] .m.m.a.ExceptionHandlerExceptionResolver : Resolved [jakarta.validation.ConstraintViolationException: getById.id: size must be between 1 and 50]
]]></system-out>
  </testcase>
  <testcase name="testDelete_shouldFail_whenIdIsBlank" classname="com.spacefleet.spaceshipapi.controller.SpaceshipControllerTest" time="0.005">
    <system-out><![CDATA[2025-07-18T10:06:08.367-03:00 DEBUG 43516 --- [           main] s.w.s.m.m.a.RequestMappingHandlerMapping : Mapped to com.spacefleet.spaceshipapi.controller.SpaceshipController#delete(String)
2025-07-18T10:06:08.367-03:00 DEBUG 43516 --- [           main] .m.m.a.ExceptionHandlerExceptionResolver : Using @ExceptionHandler com.spacefleet.spaceshipapi.exception.GlobalExceptionHandler#handleConstraintViolationException(ConstraintViolationException)
2025-07-18T10:06:08.368-03:00 DEBUG 43516 --- [           main] o.s.w.s.m.m.a.HttpEntityMethodProcessor  : Using 'application/json', given [*/*] and supported [application/json, application/*+json, application/yaml]
2025-07-18T10:06:08.368-03:00 DEBUG 43516 --- [           main] o.s.w.s.m.m.a.HttpEntityMethodProcessor  : Writing [{message=Parameter validation failed, errors={delete.id=must not be blank}, timestamp=2025-07-18T10: (truncated)...]
2025-07-18T10:06:08.368-03:00 DEBUG 43516 --- [           main] .m.m.a.ExceptionHandlerExceptionResolver : Resolved [jakarta.validation.ConstraintViolationException: delete.id: must not be blank]
]]></system-out>
  </testcase>
</testsuite>